This is e-TeX, Version 3.141592-2.1 (MiKTeX 2.4) (preloaded format=latex 2004.8.28)  5 MAY 2005 19:14
entering extended mode
**primodel.tex
(primodel.tex
LaTeX2e <2003/12/01>
Babel <v3.8a> and hyphenation patterns for english, french, german, ngerman, du
mylang, nohyphenation, loaded.
(C:\texmf\tex\latex\base\report.cls
Document Class: report 2004/02/16 v1.4f Standard LaTeX document class
(C:\texmf\tex\latex\base\size12.clo
File: size12.clo 2004/02/16 v1.4f Standard LaTeX file (size option)
)
\c@part=\count79
\c@chapter=\count80
\c@section=\count81
\c@subsection=\count82
\c@subsubsection=\count83
\c@paragraph=\count84
\c@subparagraph=\count85
\c@figure=\count86
\c@table=\count87
\abovecaptionskip=\skip41
\belowcaptionskip=\skip42
\bibindent=\dimen102
) (C:\texmf\tex\latex\base\inputenc.sty
Package: inputenc 2004/02/05 v1.0d Input encoding file

(C:\texmf\tex\latex\base\latin1.def
File: latin1.def 2004/02/05 v1.0d Input encoding file
)) (C:\texmf\tex\generic\babel\babel.sty
Package: babel 2004/02/19 v3.8a The Babel package

(C:\texmf\tex\generic\babel\italian.ldf
Language: italian 2004/02/19 v1.2p Italian support from the babel system
 (C:\texmf\tex\generic\babel\babel.def
File: babel.def 2004/02/19 v3.8a Babel common definitions
\babel@savecnt=\count88
\U@D=\dimen103
)

Package babel Warning: No hyphenation patterns were loaded for
(babel)                the language `Italian'
(babel)                I will use the patterns loaded for \language=0 instead.

\l@italian = a dialect from \language0
Package babel Info: Making " an active character on input line 91.
)) (primodel.aux)
LaTeX Font Info:    Checking defaults for OML/cmm/m/it on input line 33.
LaTeX Font Info:    ... okay on input line 33.
LaTeX Font Info:    Checking defaults for T1/cmr/m/n on input line 33.
LaTeX Font Info:    ... okay on input line 33.
LaTeX Font Info:    Checking defaults for OT1/cmr/m/n on input line 33.
LaTeX Font Info:    ... okay on input line 33.
LaTeX Font Info:    Checking defaults for OMS/cmsy/m/n on input line 33.
LaTeX Font Info:    ... okay on input line 33.
LaTeX Font Info:    Checking defaults for OMX/cmex/m/n on input line 33.
LaTeX Font Info:    ... okay on input line 33.
LaTeX Font Info:    Checking defaults for U/cmr/m/n on input line 33.
LaTeX Font Info:    ... okay on input line 33.
LaTeX Font Info:    Checking defaults for OT2/cmr/m/n on input line 33.
LaTeX Font Info:    Try loading font information for OT2+cmr on input line 33.
 (C:\texmf\tex\latex\base\ot2cmr.fd
File: ot2cmr.fd 1999/05/25 v2.5h Standard LaTeX font definitions
)
LaTeX Font Info:    ... okay on input line 33.
 (primodel.aux) ) 
Here is how much of TeX's memory you used:
 641 strings out of 95898
 6925 string characters out of 1195288
 57389 words of memory out of 1061166
 3712 multiletter control sequences out of 35000
 3938 words of font info for 15 fonts, out of 500000 for 1000
 14 hyphenation exceptions out of 607
 24i,1n,24p,179b,43s stack positions out of 1500i,500n,5000p,200000b,32768s

No pages of output.
